<?xml version='1.0' encoding='UTF-8'?>
<definitions xmlns="http://www.omg.org/spec/BPMN/20100524/MODEL"
	xmlns:xsi="http://www.w3.org/2001/XMLSchema-instance" xmlns:xsd="http://www.w3.org/2001/XMLSchema"
	xmlns:activiti="http://activiti.org/bpmn" xmlns:bpmndi="http://www.omg.org/spec/BPMN/20100524/DI"
	xmlns:omgdc="http://www.omg.org/spec/DD/20100524/DC" xmlns:omgdi="http://www.omg.org/spec/DD/20100524/DI"
	typeLanguage="http://www.w3.org/2001/XMLSchema" expressionLanguage="http://www.w3.org/1999/XPath"
	targetNamespace="http://www.activiti.org/processdef" xmlns:modeler="http://activiti.com/modeler"
	modeler:version="1.0en" modeler:exportDateTime="20151118143257469"
	modeler:modelId="1002" modeler:modelVersion="1"
	modeler:modelLastUpdated="1447853569005">
	<process id="secureScripting" name="ScriptingTest"
		isExecutable="true">
		<startEvent id="startEvent1" />
		<sequenceFlow id="sid-A2BDDF58-FEE1-4ADD-8A7A-632048DEFDD1" sourceRef="startEvent1" targetRef="sid-3DAA0911-6255-4CA1-9640-C9E6B3DE0CCC">
		  <extensionElements>
				<activiti:executionListener event="start" class="org.activiti.scripting.secure.listener.SecureJavascriptExecutionListener">
					<activiti:field name="script">
						<activiti:string>
								<![CDATA[
								  execution.setVariable('test', 'testValue');
				        ]]>
				    </activiti:string>
					</activiti:field>
					<activiti:field name="language" stringValue="javascript" />
				</activiti:executionListener>
			</extensionElements>
		</sequenceFlow>
		<userTask id="sid-3DAA0911-6255-4CA1-9640-C9E6B3DE0CCC" />
		<endEvent id="sid-787FD768-83DD-4E10-AF79-54FE5FC97D17" />
		<sequenceFlow id="sid-3F565D56-94F2-4BD2-9D08-9B3AE6B03EED"
			sourceRef="sid-3DAA0911-6255-4CA1-9640-C9E6B3DE0CCC" targetRef="sid-787FD768-83DD-4E10-AF79-54FE5FC97D17" />
	</process>
</definitions>